# JRE version: OpenJDK Runtime Environment (17.0.11) (build 17.0.11+0--11852314)
# Java VM: OpenJDK 64-Bit Server VM (17.0.11+0--11852314, mixed mode, tiered, compressed oops, compressed class ptrs, g1 gc, windows-amd64)
GC Precious Log:
 CPUs: 20 total, 20 available
 Memory: 16253M
 Large Page Support: Disabled
 NUMA Support: Disabled
 Compressed Oops: Enabled (32-bit)
 Heap Region Size: 1M
 Heap Min Capacity: 8M
 Heap Initial Capacity: 254M
 Heap Max Capacity: 2G
 Pre-touch: Disabled
 Parallel Workers: 15
 Concurrent Workers: 4
 Concurrent Refinement Workers: 15
 Periodic GC: Disabled
Heap:
 garbage-first heap   total 168960K, used 141153K [0x0000000080000000, 0x0000000100000000)
  region size 1024K, 22 young (22528K), 5 survivors (5120K)
 Metaspace       used 99498K, committed 100288K, reserved 1179648K
  class space    used 13693K, committed 14080K, reserved 1048576K
GC Heap History (20 events):
Event: 4.205 GC heap before
{Heap before GC invocations=26 (full 0):
 garbage-first heap   total 140288K, used 111978K [0x0000000080000000, 0x0000000100000000)
  region size 1024K, 51 young (52224K), 6 survivors (6144K)
 Metaspace       used 78804K, committed 79360K, reserved 1179648K
  class space    used 10680K, committed 10944K, reserved 1048576K
}
Event: 4.207 GC heap after
{Heap after GC invocations=27 (full 0):
 garbage-first heap   total 140288K, used 67413K [0x0000000080000000, 0x0000000100000000)
  region size 1024K, 5 young (5120K), 5 survivors (5120K)
 Metaspace       used 78804K, committed 79360K, reserved 1179648K
  class space    used 10680K, committed 10944K, reserved 1048576K
}
Event: 4.442 GC heap before
{Heap before GC invocations=27 (full 0):
 garbage-first heap   total 140288K, used 114517K [0x0000000080000000, 0x0000000100000000)
  region size 1024K, 51 young (52224K), 5 survivors (5120K)
 Metaspace       used 82288K, committed 82816K, reserved 1179648K
  class space    used 11382K, committed 11648K, reserved 1048576K
}
Event: 4.444 GC heap after
{Heap after GC invocations=28 (full 0):
 garbage-first heap   total 140288K, used 69018K [0x0000000080000000, 0x0000000100000000)
  region size 1024K, 4 young (4096K), 4 survivors (4096K)
 Metaspace       used 82288K, committed 82816K, reserved 1179648K
  class space    used 11382K, committed 11648K, reserved 1048576K
}
Event: 4.690 GC heap before
{Heap before GC invocations=28 (full 0):
 garbage-first heap   total 140288K, used 114074K [0x0000000080000000, 0x0000000100000000)
  region size 1024K, 48 young (49152K), 4 survivors (4096K)
 Metaspace       used 85921K, committed 86592K, reserved 1179648K
  class space    used 11873K, committed 12224K, reserved 1048576K
}
Event: 4.692 GC heap after
{Heap after GC invocations=29 (full 0):
 garbage-first heap   total 140288K, used 71606K [0x0000000080000000, 0x0000000100000000)
  region size 1024K, 6 young (6144K), 6 survivors (6144K)
 Metaspace       used 85921K, committed 86592K, reserved 1179648K
  class space    used 11873K, committed 12224K, reserved 1048576K
}
Event: 4.958 GC heap before
{Heap before GC invocations=30 (full 0):
 garbage-first heap   total 140288K, used 115638K [0x0000000080000000, 0x0000000100000000)
  region size 1024K, 49 young (50176K), 6 survivors (6144K)
 Metaspace       used 89110K, committed 89728K, reserved 1179648K
  class space    used 12399K, committed 12672K, reserved 1048576K
}
Event: 4.961 GC heap after
{Heap after GC invocations=31 (full 0):
 garbage-first heap   total 140288K, used 73452K [0x0000000080000000, 0x0000000100000000)
  region size 1024K, 5 young (5120K), 5 survivors (5120K)
 Metaspace       used 89110K, committed 89728K, reserved 1179648K
  class space    used 12399K, committed 12672K, reserved 1048576K
}
Event: 4.966 GC heap before
{Heap before GC invocations=31 (full 0):
 garbage-first heap   total 140288K, used 74476K [0x0000000080000000, 0x0000000100000000)
  region size 1024K, 6 young (6144K), 5 survivors (5120K)
 Metaspace       used 89178K, committed 89856K, reserved 1179648K
  class space    used 12411K, committed 12736K, reserved 1048576K
}
Event: 4.968 GC heap after
{Heap after GC invocations=32 (full 0):
 garbage-first heap   total 140288K, used 73009K [0x0000000080000000, 0x0000000100000000)
  region size 1024K, 1 young (1024K), 1 survivors (1024K)
 Metaspace       used 89178K, committed 89856K, reserved 1179648K
  class space    used 12411K, committed 12736K, reserved 1048576K
}
Event: 5.208 GC heap before
{Heap before GC invocations=32 (full 0):
 garbage-first heap   total 140288K, used 117041K [0x0000000080000000, 0x0000000100000000)
  region size 1024K, 44 young (45056K), 1 survivors (1024K)
 Metaspace       used 92911K, committed 93632K, reserved 1179648K
  class space    used 12925K, committed 13248K, reserved 1048576K
}
Event: 5.210 GC heap after
{Heap after GC invocations=33 (full 0):
 garbage-first heap   total 140288K, used 75211K [0x0000000080000000, 0x0000000100000000)
  region size 1024K, 3 young (3072K), 3 survivors (3072K)
 Metaspace       used 92911K, committed 93632K, reserved 1179648K
  class space    used 12925K, committed 13248K, reserved 1048576K
}
Event: 5.365 GC heap before
{Heap before GC invocations=34 (full 0):
 garbage-first heap   total 140288K, used 117195K [0x0000000080000000, 0x0000000100000000)
  region size 1024K, 44 young (45056K), 3 survivors (3072K)
 Metaspace       used 94350K, committed 95040K, reserved 1179648K
  class space    used 13180K, committed 13504K, reserved 1048576K
}
Event: 5.368 GC heap after
{Heap after GC invocations=35 (full 0):
 garbage-first heap   total 140288K, used 79495K [0x0000000080000000, 0x0000000100000000)
  region size 1024K, 6 young (6144K), 6 survivors (6144K)
 Metaspace       used 94350K, committed 95040K, reserved 1179648K
  class space    used 13180K, committed 13504K, reserved 1048576K
}
Event: 5.370 GC heap before
{Heap before GC invocations=35 (full 0):
 garbage-first heap   total 140288K, used 80519K [0x0000000080000000, 0x0000000100000000)
  region size 1024K, 7 young (7168K), 6 survivors (6144K)
 Metaspace       used 94350K, committed 95040K, reserved 1179648K
  class space    used 13180K, committed 13504K, reserved 1048576K
}
Event: 5.372 GC heap after
{Heap after GC invocations=36 (full 0):
 garbage-first heap   total 168960K, used 79957K [0x0000000080000000, 0x0000000100000000)
  region size 1024K, 1 young (1024K), 1 survivors (1024K)
 Metaspace       used 94350K, committed 95040K, reserved 1179648K
  class space    used 13180K, committed 13504K, reserved 1048576K
}
Event: 5.664 GC heap before
{Heap before GC invocations=36 (full 0):
 garbage-first heap   total 168960K, used 144469K [0x0000000080000000, 0x0000000100000000)
  region size 1024K, 58 young (59392K), 1 survivors (1024K)
 Metaspace       used 97411K, committed 98112K, reserved 1179648K
  class space    used 13475K, committed 13824K, reserved 1048576K
}
Event: 5.669 GC heap after
{Heap after GC invocations=37 (full 0):
 garbage-first heap   total 168960K, used 98577K [0x0000000080000000, 0x0000000100000000)
  region size 1024K, 8 young (8192K), 8 survivors (8192K)
 Metaspace       used 97411K, committed 98112K, reserved 1179648K
  class space    used 13475K, committed 13824K, reserved 1048576K
}
Event: 5.881 GC heap before
{Heap before GC invocations=37 (full 0):
 garbage-first heap   total 168960K, used 127249K [0x0000000080000000, 0x0000000100000000)
  region size 1024K, 37 young (37888K), 8 survivors (8192K)
 Metaspace       used 98002K, committed 98752K, reserved 1179648K
  class space    used 13534K, committed 13888K, reserved 1048576K
}
Event: 5.886 GC heap after
{Heap after GC invocations=38 (full 0):
 garbage-first heap   total 168960K, used 108385K [0x0000000080000000, 0x0000000100000000)
  region size 1024K, 5 young (5120K), 5 survivors (5120K)
 Metaspace       used 98002K, committed 98752K, reserved 1179648K
  class space    used 13534K, committed 13888K, reserved 1048576K
}

